04-05-2025 00:35:15.345 INFO  internal.Utils [main] - [TestNG] Running:
  C:\Users\admin\eclipse-workspace\myprojects\OpencartDemo\opencart-ecommerce\docker-grid.xml

04-05-2025 00:35:22.946 INFO  testCases.TC001_AccountRegisterationTest [TestNG-tests-1] - ***Starting TC001_AccountRegisterationTest*** 
04-05-2025 00:35:23.518 INFO  testCases.TC001_AccountRegisterationTest [TestNG-tests-1] - Clicked on my account link
04-05-2025 00:35:24.310 INFO  testCases.TC001_AccountRegisterationTest [TestNG-tests-1] - Clicked on registeration link
04-05-2025 00:35:24.315 INFO  testCases.TC001_AccountRegisterationTest [TestNG-tests-1] - Providing customer details
04-05-2025 00:35:27.309 INFO  testCases.TC001_AccountRegisterationTest [TestNG-tests-2] - ***Starting TC001_AccountRegisterationTest*** 
04-05-2025 00:35:27.561 INFO  testCases.TC001_AccountRegisterationTest [TestNG-tests-1] - Validating Account success message
04-05-2025 00:35:27.691 INFO  testCases.TC001_AccountRegisterationTest [TestNG-tests-2] - Clicked on my account link
04-05-2025 00:35:27.787 INFO  testCases.TC001_AccountRegisterationTest [TestNG-tests-1] - ****End TC001_AccountRegisterationTest***
04-05-2025 00:35:28.633 INFO  testCases.TC001_AccountRegisterationTest [TestNG-tests-2] - Clicked on registeration link
04-05-2025 00:35:28.634 INFO  testCases.TC001_AccountRegisterationTest [TestNG-tests-2] - Providing customer details
04-05-2025 00:35:37.772 INFO  testCases.TC001_AccountRegisterationTest [TestNG-tests-2] - ***Starting TC001_AccountRegisterationTest*** 
04-05-2025 00:35:37.996 INFO  testCases.TC001_AccountRegisterationTest [TestNG-tests-2] - Clicked on my account link
04-05-2025 00:35:39.049 INFO  testCases.TC001_AccountRegisterationTest [TestNG-tests-2] - Clicked on registeration link
04-05-2025 00:35:39.050 INFO  testCases.TC001_AccountRegisterationTest [TestNG-tests-2] - Providing customer details
04-05-2025 00:35:41.702 INFO  testCases.TC001_AccountRegisterationTest [TestNG-tests-2] - Validating Account success message
04-05-2025 00:35:41.928 INFO  testCases.TC001_AccountRegisterationTest [TestNG-tests-2] - ****End TC001_AccountRegisterationTest***
04-05-2025 00:35:46.925 INFO  testCases.TC002_LoginTest [TestNG-tests-2] - ****Start TC002_LoginTest ***********
04-05-2025 00:35:50.353 INFO  testCases.TC002_LoginTest [TestNG-tests-2] - ****End TC002_LoginTest ***********
